line profiling: sample.interval=20000
#File 1: load_topics.r
"Ops.factor" "==" "[.data.frame" 1#108 "[" 1#108 "topic.mi" 
"Ops.factor" "==" "[.data.frame" 1#108 "[" 1#108 "topic.mi" 
"Ops.factor" "==" "[.data.frame" 1#108 "[" 1#108 "topic.mi" 
"Ops.factor" "==" "[.data.frame" 1#108 "[" 1#108 "topic.mi" 
"NextMethod" "Ops.factor" "==" "[.data.frame" 1#108 "[" 1#108 "topic.mi" 
"NextMethod" "Ops.factor" "==" "[.data.frame" 1#108 "[" 1#108 "topic.mi" 
"NextMethod" "Ops.factor" "==" "[.data.frame" 1#108 "[" 1#108 "topic.mi" 
"NextMethod" "Ops.factor" "==" "[.data.frame" 1#108 "[" 1#108 "topic.mi" 
"NextMethod" "Ops.factor" "==" "[.data.frame" 1#108 "[" 1#108 "topic.mi" 
"NextMethod" "Ops.factor" "==" "[.data.frame" 1#108 "[" 1#108 "topic.mi" 
"NextMethod" "Ops.factor" "==" "[.data.frame" 1#108 "[" 1#108 "topic.mi" 
"NextMethod" "Ops.factor" "==" "[.data.frame" 1#108 "[" 1#108 "topic.mi" 
"NextMethod" "Ops.factor" "==" "[.data.frame" 1#108 "[" 1#108 "topic.mi" 
"NextMethod" "Ops.factor" "==" "[.data.frame" 1#108 "[" 1#108 "topic.mi" 
"NextMethod" "Ops.factor" "==" "[.data.frame" 1#108 "[" 1#108 "topic.mi" 
"NextMethod" "Ops.factor" "==" "[.data.frame" 1#108 "[" 1#108 "topic.mi" 
"NextMethod" "Ops.factor" "==" "[.data.frame" 1#108 "[" 1#108 "topic.mi" 
"NextMethod" "Ops.factor" "==" "[.data.frame" 1#108 "[" 1#108 "topic.mi" 
"NextMethod" "Ops.factor" "==" "[.data.frame" 1#108 "[" 1#108 "topic.mi" 
"NextMethod" "Ops.factor" "==" "[.data.frame" 1#108 "[" 1#108 "topic.mi" 
"NextMethod" "Ops.factor" "==" "[.data.frame" 1#108 "[" 1#108 "topic.mi" 
"NextMethod" "Ops.factor" "==" "[.data.frame" 1#108 "[" 1#108 "topic.mi" 
"NextMethod" "Ops.factor" "==" "[.data.frame" 1#108 "[" 1#108 "topic.mi" 
"NextMethod" "Ops.factor" "==" "[.data.frame" 1#108 "[" 1#108 "topic.mi" 
"NextMethod" "Ops.factor" "==" "[.data.frame" 1#108 "[" 1#108 "topic.mi" 
"Ops.factor" "==" "[.data.frame" 1#108 "[" 1#108 "topic.mi" 
"Ops.factor" "==" "[.data.frame" 1#108 "[" 1#108 "topic.mi" 
"NextMethod" "[.factor" "[" "[.data.frame" 1#108 "[" 1#108 "topic.mi" 
"NextMethod" "[.factor" "[" "[.data.frame" 1#108 "[" 1#108 "topic.mi" 
"NextMethod" "[.factor" "[" "[.data.frame" 1#108 "[" 1#108 "topic.mi" 
"NextMethod" "[.factor" "[" "[.data.frame" 1#108 "[" 1#108 "topic.mi" 
"NextMethod" "[.factor" "[" "[.data.frame" 1#108 "[" 1#108 "topic.mi" 
"[.data.frame" 1#108 "[" 1#108 "topic.mi" 
"[.data.frame" 1#108 "[" 1#108 "topic.mi" 
"[.data.frame" 1#108 "[" 1#108 "topic.mi" 
"table" 1#110 "topic.mi" 
"match" "factor" "table" 1#112 "topic.mi" 
"tabulate" "array" "table" 1#112 "topic.mi" 
"tabulate" "array" "table" 1#112 "topic.mi" 
"tabulate" "array" "table" 1#112 "topic.mi" 
"tabulate" "array" "table" 1#112 "topic.mi" 
"tabulate" "array" "table" 1#112 "topic.mi" 
"tabulate" "array" "table" 1#112 "topic.mi" 
"array" "table" 1#112 "topic.mi" 
"array" "table" 1#112 "topic.mi" 
"array" "table" 1#112 "topic.mi" 
"array" "table" 1#112 "topic.mi" 
"array" "table" 1#112 "topic.mi" 
"array" "table" 1#112 "topic.mi" 
"array" "table" 1#112 "topic.mi" 
"array" "table" 1#112 "topic.mi" 
"array" "table" 1#112 "topic.mi" 
"array" "table" 1#112 "topic.mi" 
"array" "table" 1#112 "topic.mi" 
"array" "table" 1#112 "topic.mi" 
"array" "table" 1#112 "topic.mi" 
"array" "table" 1#112 "topic.mi" 
"array" "table" 1#112 "topic.mi" 
"array" "table" 1#112 "topic.mi" 
"array" "table" 1#112 "topic.mi" 
"array" "table" 1#112 "topic.mi" 
"array" "table" 1#112 "topic.mi" 
"array" "table" 1#112 "topic.mi" 
"array" "table" 1#112 "topic.mi" 
"array" "table" 1#112 "topic.mi" 
"array" "table" 1#112 "topic.mi" 
"array" "table" 1#112 "topic.mi" 
"array" "table" 1#112 "topic.mi" 
"array" "table" 1#112 "topic.mi" 
"array" "table" 1#112 "topic.mi" 
"array" "table" 1#112 "topic.mi" 
"array" "table" 1#112 "topic.mi" 
"array" "table" 1#112 "topic.mi" 
"array" "table" 1#112 "topic.mi" 
"array" "table" 1#112 "topic.mi" 
"array" "table" 1#112 "topic.mi" 
"array" "table" 1#112 "topic.mi" 
"array" "table" 1#112 "topic.mi" 
"array" "table" 1#112 "topic.mi" 
"array" "table" 1#112 "topic.mi" 
"array" "table" 1#112 "topic.mi" 
"array" "table" 1#112 "topic.mi" 
"array" "table" 1#112 "topic.mi" 
"array" "table" 1#112 "topic.mi" 
"array" "table" 1#112 "topic.mi" 
"array" "table" 1#112 "topic.mi" 
"array" "table" 1#112 "topic.mi" 
"array" "table" 1#112 "topic.mi" 
"array" "table" 1#112 "topic.mi" 
"!=" "which" 1#114 "topic.mi" 
"!=" "which" 1#114 "topic.mi" 
"!=" "which" 1#114 "topic.mi" 
"!=" "which" 1#114 "topic.mi" 
"!=" "which" 1#114 "topic.mi" 
"!=" "which" 1#114 "topic.mi" 
"!=" "which" 1#114 "topic.mi" 
"!=" "which" 1#114 "topic.mi" 
"!=" "which" 1#114 "topic.mi" 
"!=" "which" 1#114 "topic.mi" 
"!=" "which" 1#114 "topic.mi" 
"!=" "which" 1#114 "topic.mi" 
"!=" "which" 1#114 "topic.mi" 
"!=" "which" 1#114 "topic.mi" 
"!=" "which" 1#114 "topic.mi" 
"!=" "which" 1#114 "topic.mi" 
"!=" "which" 1#114 "topic.mi" 
"!=" "which" 1#114 "topic.mi" 
"!=" "which" 1#114 "topic.mi" 
"!=" "which" 1#114 "topic.mi" 
"!=" "which" 1#114 "topic.mi" 
"!=" "which" 1#114 "topic.mi" 
"!=" "which" 1#114 "topic.mi" 
"!=" "which" 1#114 "topic.mi" 
"!=" "which" 1#114 "topic.mi" 
"!=" "which" 1#114 "topic.mi" 
"!=" "which" 1#114 "topic.mi" 
"!=" "which" 1#114 "topic.mi" 
"!=" "which" 1#114 "topic.mi" 
"!=" "which" 1#114 "topic.mi" 
"!=" "which" 1#114 "topic.mi" 
"!=" "which" 1#114 "topic.mi" 
"!=" "which" 1#114 "topic.mi" 
"!=" "which" 1#114 "topic.mi" 
"!=" "which" 1#114 "topic.mi" 
"!=" "which" 1#114 "topic.mi" 
"!=" "which" 1#114 "topic.mi" 
"!=" "which" 1#114 "topic.mi" 
"!=" "which" 1#114 "topic.mi" 
"!=" "which" 1#114 "topic.mi" 
"!=" "which" 1#114 "topic.mi" 
"!=" "which" 1#114 "topic.mi" 
"!=" "which" 1#114 "topic.mi" 
"which" 1#114 "topic.mi" 
"which" 1#114 "topic.mi" 
"which" 1#114 "topic.mi" 
"which" 1#114 "topic.mi" 
"which" 1#114 "topic.mi" 
"which" 1#114 "topic.mi" 
"matrix" "arrayInd" "which" 1#114 "topic.mi" 
